ERROR	SYSTEM		2018-01-22 14:49:07:561			ERROR	ER0101#License not found.	
ERROR	SYSTEM		2018-01-22 14:52:29:784			ERROR	ER0101#License not found.	
ERROR	SYSTEM		2018-01-22 14:52:30:9			ERROR	ER0101#License not found.	
ERROR	SYSTEM		2018-01-22 14:53:00:17			ERROR	ER0101#License not found.	
ERROR	SYSTEM		2018-01-22 14:53:00:58			ERROR	ER0101#License not found.	
ERROR	SYSTEM		2018-01-22 14:54:57:327			ERROR	ER0101#License not found.	
ERROR	SYSTEM		2018-01-22 14:54:57:594			ERROR	ER0101#License not found.	
1516600742621	GATEWAY			2018-01-22 14:59:02:621	2018-01-22 14:59:03:109	488	SUCCESS		0:0:0:0:0:0:0:1
1516600743133	GATEWAY			2018-01-22 14:59:03:133	2018-01-22 14:59:03:216	83	SUCCESS		0:0:0:0:0:0:0:1
1516601216245	GATEWAY			2018-01-22 15:06:56:244	2018-01-22 15:06:56:252	8	SUCCESS		0:0:0:0:0:0:0:1
1516601216437	GATEWAY			2018-01-22 15:06:56:437	2018-01-22 15:07:36:606	40169	ERROR	[SEND RESPONSE]
Connection reset
	0:0:0:0:0:0:0:1
1516601260763	GATEWAY			2018-01-22 15:07:40:763	2018-01-22 15:07:41:173	410	SUCCESS		0:0:0:0:0:0:0:1
1516601261198	GATEWAY			2018-01-22 15:07:41:198	2018-01-22 15:07:41:259	61	SUCCESS		0:0:0:0:0:0:0:1
1516601964619	GATEWAY			2018-01-22 15:19:24:619	2018-01-22 15:19:24:718	99	SUCCESS		0:0:0:0:0:0:0:1
1516601964938	GATEWAY			2018-01-22 15:19:24:938	2018-01-22 15:19:24:947	9	SUCCESS		0:0:0:0:0:0:0:1
1516601975909	GATEWAY			2018-01-22 15:19:35:909	2018-01-22 15:19:35:967	58	SUCCESS		0:0:0:0:0:0:0:1
1516601976216	GATEWAY			2018-01-22 15:19:36:216	2018-01-22 15:19:36:226	10	SUCCESS		0:0:0:0:0:0:0:1
1516601983033	GATEWAY			2018-01-22 15:19:43:33	2018-01-22 15:19:43:77	44	SUCCESS		0:0:0:0:0:0:0:1
1516601983215	GATEWAY			2018-01-22 15:19:43:215	2018-01-22 15:19:43:223	8	SUCCESS		0:0:0:0:0:0:0:1
